<?xml version="1.0" encoding="UTF-8"?>
<testng-results total="1" passed="1" failed="0" skipped="0">
  <reporter-output>
  </reporter-output>
  <suite started-at="2024-06-01T16:29:03Z" name="test.com.place.CalculatorTest" finished-at="2024-06-01T16:29:03Z" duration-ms="13">
    <groups>
    </groups>
    <test started-at="2024-06-01T16:29:03Z" name="Command line test" finished-at="2024-06-01T16:29:03Z" duration-ms="13">
      <class name="test.com.place.CalculatorTest">
        <test-method is-config="true" signature="setUpClass()[pri:0, instance:test.com.place.CalculatorTest@52feb982]" started-at="2024-06-01T11:29:03Z" name="setUpClass" finished-at="2024-06-01T11:29:03Z" duration-ms="5" status="PASS">
          <reporter-output>
          </reporter-output>
        </test-method> <!-- setUpClass -->
        <test-method is-config="true" signature="setUpMethod()[pri:0, instance:test.com.place.CalculatorTest@52feb982]" started-at="2024-06-01T11:29:03Z" name="setUpMethod" finished-at="2024-06-01T11:29:03Z" duration-ms="1" status="PASS">
          <reporter-output>
          </reporter-output>
        </test-method> <!-- setUpMethod -->
        <test-method signature="testAdd()[pri:0, instance:test.com.place.CalculatorTest@52feb982]" started-at="2024-06-01T11:29:03Z" name="testAdd" finished-at="2024-06-01T11:29:03Z" duration-ms="2" status="PASS">
          <reporter-output>
          </reporter-output>
        </test-method> <!-- testAdd -->
        <test-method is-config="true" signature="tearDownMethod()[pri:0, instance:test.com.place.CalculatorTest@52feb982]" started-at="2024-06-01T11:29:03Z" name="tearDownMethod" finished-at="2024-06-01T11:29:03Z" duration-ms="0" status="PASS">
          <reporter-output>
          </reporter-output>
        </test-method> <!-- tearDownMethod -->
        <test-method is-config="true" signature="tearDownClass()[pri:0, instance:test.com.place.CalculatorTest@52feb982]" started-at="2024-06-01T11:29:03Z" name="tearDownClass" finished-at="2024-06-01T11:29:03Z" duration-ms="0" status="PASS">
          <reporter-output>
          </reporter-output>
        </test-method> <!-- tearDownClass -->
      </class> <!-- test.com.place.CalculatorTest -->
    </test> <!-- Command line test -->
  </suite> <!-- test.com.place.CalculatorTest -->
</testng-results>
